<?xml version="1.0" encoding="utf-8"?><testsuites name="pytest tests"><testsuite name="pytest" errors="0" failures="0" skipped="0" tests="111" time="212.512" timestamp="2026-08-28T19:56:11.374647+05:30" hostname="Gontla"><testcase classname="backend.tests.test_api" name="test_health_endpoint" time="0.054" /><testcase classname="backend.tests.test_api" name="test_case_creation_and_retrieval" time="0.030" /><testcase classname="backend.tests.test_api" name="test_invalid_image_type_upload" time="0.025" /><testcase classname="backend.tests.test_api" name="test_get_models_list" time="0.475" /><testcase classname="backend.tests.test_api_phase10" name="test_vqc_fit_predict_serialize" time="30.682" /><testcase classname="backend.tests.test_api_phase11" name="test_ece_and_brier_calculators" time="0.003" /><testcase classname="backend.tests.test_api_phase11" name="test_classical_quantum_comparison_metrics" time="25.991" /><testcase classname="backend.tests.test_api_phase12" name="test_research_benchmarks_pipeline" time="26.221" /><testcase classname="backend.tests.test_api_phase13" name="test_evidence_consistency_scoring" time="0.002" /><testcase classname="backend.tests.test_api_phase13" name="test_counterfactual_sensitivity_analysis" time="25.447" /><testcase classname="backend.tests.test_api_phase14" name="test_safety_guidance_low_severity" time="0.003" /><testcase classname="backend.tests.test_api_phase14" name="test_safety_guidance_high_severity_or_fracture_risk" time="0.004" /><testcase classname="backend.tests.test_api_phase15" name="test_sos_service_logic" time="0.029" /><testcase classname="backend.tests.test_api_phase15" name="test_sos_api_integration" time="0.103" /><testcase classname="backend.tests.test_api_phase16" name="test_report_service_logic" time="3.221" /><testcase classname="backend.tests.test_api_phase16" name="test_report_api_endpoints" time="4.617" /><testcase classname="backend.tests.test_api_phase18" name="test_missing_sensor_columns_error" time="0.036" /><testcase classname="backend.tests.test_api_phase18" name="test_sensor_demo_load" time="0.113" /><testcase classname="backend.tests.test_api_phase18" name="test_sensor_simulation_scenarios" time="0.305" /><testcase classname="backend.tests.test_api_phase18" name="test_one_click_complete_demo" time="5.663" /><testcase classname="backend.tests.test_api_phase18" name="test_model_registry_hash_consistency_with_disk" time="0.279" /><testcase classname="backend.tests.test_api_phase2" name="test_image_quality_compliancy" time="0.038" /><testcase classname="backend.tests.test_api_phase2" name="test_image_quality_failures" time="0.095" /><testcase classname="backend.tests.test_api_phase2" name="test_dataset_manifest_validation" time="0.093" /><testcase classname="backend.tests.test_api_phase2" name="test_aspect_ratio_letterboxing_and_rectangular_images" time="0.121" /><testcase classname="backend.tests.test_api_phase3" name="test_yolo_detection_mocking" time="0.007" /><testcase classname="backend.tests.test_api_phase3" name="test_unet_segmentation_load_and_run" time="1.654" /><testcase classname="backend.tests.test_api_phase3" name="test_efficientnet_classifier_load_and_run" time="2.905" /><testcase classname="backend.tests.test_api_phase4" name="test_grad_cam_hook_and_overlay" time="3.303" /><testcase classname="backend.tests.test_api_phase4" name="test_cv_evaluation_metrics_pipeline" time="4.518" /><testcase classname="backend.tests.test_api_phase5" name="test_static_json_templates" time="0.007" /><testcase classname="backend.tests.test_api_phase5" name="test_voice_endpoint_intentionally_removed" time="0.006" /><testcase classname="backend.tests.test_api_phase6" name="test_sensor_validation_failures" time="0.041" /><testcase classname="backend.tests.test_api_phase6" name="test_sensor_timeline_reconstruction" time="0.038" /><testcase classname="backend.tests.test_api_phase6" name="test_sensor_upload_api_integration" time="0.072" /><testcase classname="backend.tests.test_api_phase7" name="test_multimodal_feature_fusion_all_modalities" time="0.002" /><testcase classname="backend.tests.test_api_phase7" name="test_multimodal_feature_fusion_missing_modalities" time="0.002" /><testcase classname="backend.tests.test_api_phase7" name="test_all_ten_modality_combinations_option_a" time="0.062" /><testcase classname="backend.tests.test_api_phase8" name="test_rules_engine_high_category" time="0.002" /><testcase classname="backend.tests.test_api_phase8" name="test_rules_engine_moderate_category" time="0.002" /><testcase classname="backend.tests.test_api_phase8" name="test_rules_engine_low_category" time="0.002" /><testcase classname="backend.tests.test_api_phase9" name="test_xgboost_fit_predict_explain" time="0.364" /><testcase classname="backend.tests.test_bugfix_regression" name="test_voice_feature_intentionally_removed" time="0.003" /><testcase classname="backend.tests.test_bugfix_regression" name="test_structured_evidence_builder_canonical_schema" time="0.002" /><testcase classname="backend.tests.test_bugfix_regression" name="test_gemini_fallback_on_missing_api_key" time="0.002" /><testcase classname="backend.tests.test_bugfix_regression" name="test_confirmed_questionnaire_overrides_transcript_and_propagates" time="3.070" /><testcase classname="backend.tests.test_bugfix_regression" name="test_sos_fresh_event_uniqueness_and_atomic_claim" time="1.229" /><testcase classname="backend.tests.test_bugfix_regression" name="test_compact_sos_message_builder" time="0.014" /><testcase classname="backend.tests.test_bugfix_regression" name="test_questionnaire_null_values_preservation" time="0.007" /><testcase classname="backend.tests.test_bugfix_regression" name="test_canonical_pain_and_no_yolo_swelling" time="0.002" /><testcase classname="backend.tests.test_bugfix_regression" name="test_gradcam_labeling_and_model_disagreement_preservation" time="0.002" /><testcase classname="backend.tests.test_bugfix_regression" name="test_first_aid_mild_case_basic_monitoring" time="1.435" /><testcase classname="backend.tests.test_bugfix_regression" name="test_first_aid_severe_pain_evaluation_warning" time="1.500" /><testcase classname="backend.tests.test_bugfix_regression" name="test_first_aid_open_wound_guidance" time="1.486" /><testcase classname="backend.tests.test_bugfix_regression" name="test_first_aid_heavy_bleeding_guidance" time="1.497" /><testcase classname="backend.tests.test_bugfix_regression" name="test_first_aid_deformity_no_manipulation_advice" time="1.479" /><testcase classname="backend.tests.test_bugfix_regression" name="test_first_aid_crack_pop_severe_pain" time="1.517" /><testcase classname="backend.tests.test_bugfix_regression" name="test_first_aid_yolo_no_detection" time="1.447" /><testcase classname="backend.tests.test_bugfix_regression" name="test_first_aid_yolo_swelling_prevention" time="1.449" /><testcase classname="backend.tests.test_bugfix_regression" name="test_first_aid_efficientnet_swelling_labeling" time="1.607" /><testcase classname="backend.tests.test_bugfix_regression" name="test_first_aid_sensor_unavailable_handling" time="1.623" /><testcase classname="backend.tests.test_bugfix_regression" name="test_first_aid_model_disagreement_uncertainty" time="1.532" /><testcase classname="backend.tests.test_bugfix_regression" name="test_first_aid_canonical_pain_matching" time="1.646" /><testcase classname="backend.tests.test_bugfix_regression" name="test_report_service_first_aid_parity" time="1.547" /><testcase classname="backend.tests.test_bugfix_regression" name="test_questionnaire_change_updates_guidance" time="3.018" /><testcase classname="backend.tests.test_live_sensor" name="test_live_sensor_upload_and_verification" time="0.098" /><testcase classname="backend.tests.test_live_sensor" name="test_live_sensor_validation_failures" time="0.025" /><testcase classname="backend.tests.test_live_sensor" name="test_all_five_sensor_modes_regression" time="0.137" /><testcase classname="backend.tests.test_phase14_features" name="test_first_aid_guidance_generation" time="1.496" /><testcase classname="backend.tests.test_phase14_features" name="test_first_aid_urgent_warning_signs" time="1.486" /><testcase classname="backend.tests.test_phase14_features" name="test_first_aid_missing_data_no_fabrication" time="1.764" /><testcase classname="backend.tests.test_phase14_features" name="test_evidence_builder_unanswered_fields_are_null" time="0.002" /><testcase classname="backend.tests.test_phase14_features" name="test_sos_timestamp_utc_and_ist_formatting" time="0.002" /><testcase classname="backend.tests.test_phase14_features" name="test_expanded_questionnaire_persistence" time="0.008" /><testcase classname="backend.tests.test_real_yolo_upgrade" name="test_synthetic_baseline_preservation" time="0.002" /><testcase classname="backend.tests.test_real_yolo_upgrade" name="test_yolo_environment_switching_synthetic" time="0.121" /><testcase classname="backend.tests.test_real_yolo_upgrade" name="test_yolo_environment_switching_real" time="0.102" /><testcase classname="backend.tests.test_real_yolo_upgrade" name="test_semantic_separation_swelling_not_in_yolo" time="0.203" /><testcase classname="backend.tests.test_real_yolo_upgrade" name="test_no_invented_detections_on_blank_image" time="0.262" /><testcase classname="backend.tests.test_remediation_regression" name="test_canonical_yolo_path_and_detect_task" time="0.096" /><testcase classname="backend.tests.test_remediation_regression" name="test_yolo_classes_equal_model_names" time="0.096" /><testcase classname="backend.tests.test_remediation_regression" name="test_xgboost_exactly_23_features" time="0.029" /><testcase classname="backend.tests.test_remediation_regression" name="test_analyze_source_has_no_random_autotrain" time="0.007" /><testcase classname="backend.tests.test_remediation_regression" name="test_vqc_predict_source_has_no_hardcoded_fallback" time="0.005" /><testcase classname="backend.tests.test_remediation_regression" name="test_sensor_classifier_missing_features_are_explicit" time="0.017" /><testcase classname="backend.tests.test_remediation_regression" name="test_twilio_canonical_env_names" time="0.007" /><testcase classname="backend.tests.test_remediation_regression" name="test_unet_blank_image_withheld" time="0.646" /><testcase classname="backend.tests.test_remediation_regression" name="test_efficientnet_and_unet_trainers_actually_optimize" time="0.032" /><testcase classname="backend.tests.test_remediation_regression" name="test_registry_canonical_yolo_sha_matches_disk" time="0.012" /><testcase classname="backend.tests.test_report_consistency_fix" name="test_regression_model_agreement_and_disagreement" time="0.002" /><testcase classname="backend.tests.test_report_consistency_fix" name="test_regression_segmentation_unavailable_behavior" time="1.550" /><testcase classname="backend.tests.test_report_consistency_fix" name="test_regression_synthetic_data_provenance_warning" time="1.441" /><testcase classname="backend.tests.test_report_consistency_fix" name="test_regression_full_report_parity" time="4.358" /><testcase classname="backend.tests.test_vision_twilio_consistency" name="test_twilio_body_no_yolo_detection_classifier_swelling" time="0.004" /><testcase classname="backend.tests.test_vision_twilio_consistency" name="test_twilio_body_construction_no_yolo" time="0.003" /><testcase classname="backend.tests.test_vision_twilio_consistency" name="test_twilio_body_yolo_cut_classifier_swelling" time="0.003" /><testcase classname="backend.tests.test_vision_twilio_consistency" name="test_twilio_body_yolo_bruise" time="0.003" /><testcase classname="backend.tests.test_vision_twilio_consistency" name="test_vision_no_detection_canonical_fields" time="0.002" /><testcase classname="backend.tests.test_vision_twilio_consistency" name="test_swelling_not_in_yolo_supported_classes" time="0.121" /><testcase classname="backend.tests.test_vision_twilio_consistency" name="test_models_endpoint_yolo_supported_classes" time="0.392" /><testcase classname="backend.tests.test_vision_twilio_consistency" name="test_twilio_message_sid_uniqueness" time="0.003" /><testcase classname="backend.tests.test_vision_twilio_consistency" name="test_safety_guidance_level_consistency" time="1.482" /><testcase classname="backend.tests.test_vision_twilio_consistency" name="test_twilio_failure_details_stored" time="0.021" /><testcase classname="backend.tests.test_vqc_sos_isolation" name="test_vqc_prediction_has_zero_weight_on_sos_decision" time="0.005" /><testcase classname="backend.tests.test_yolo_reliability" name="test_model_weight_loading_not_coco" time="0.127" /><testcase classname="backend.tests.test_yolo_reliability" name="test_taxonomy_wound_support" time="0.098" /><testcase classname="backend.tests.test_yolo_reliability" name="test_active_yolo_artifact_hash_task_and_class_names" time="0.101" /><testcase classname="backend.tests.test_yolo_reliability" name="test_forensic_no_detection_image_stays_below_application_threshold" time="0.338" /><testcase classname="backend.tests.test_yolo_reliability" name="test_first_aid_structured_evidence_preserves_yolo_wound" time="0.002" /><testcase classname="backend.tests.test_yolo_reliability" name="test_affected_area_math_calculation" time="0.002" /><testcase classname="backend.tests.test_yolo_reliability" name="test_negative_image_zero_false_positive" time="0.591" /></testsuite></testsuites>